May 18 2014 15:54:56: Instacias Resgistradas
['eil101.tsp']
May 18 2014 15:54:56Procedimento Finalizado com sucesso 

May 18 2014 15:58:02: Instacias Resgistradas
['eil101.tsp']
May 18 2014 15:58:02Procedimento Finalizado com sucesso 

May 18 2014 16:04:34: Instacias Resgistradas
['eil101.tsp']
May 18 2014 16:04:34Procedimento Finalizado com sucesso 

May 18 2014 16:10:54: Instacias Resgistradas
['eil101.tsp']
May 18 2014 16:10:54Procedimento Finalizado com sucesso 

May 18 2014 16:29:35: Instacias Resgistradas
['eil101.tsp']
May 18 2014 16:29:35Procedimento Finalizado com sucesso 

May 18 2014 16:30:02: Instacias Resgistradas
['eil101.tsp']
May 18 2014 16:30:02Procedimento Finalizado com sucesso 

May 18 2014 16:31:22: Instacias Resgistradas
['eil101.tsp']
May 18 2014 16:31:22Procedimento Finalizado com sucesso 

May 18 2014 16:31:27: Instacias Resgistradas
['eil101.tsp']
May 18 2014 16:31:27Procedimento Finalizado com sucesso 

May 18 2014 16:33:24: Instacias Resgistradas
['eil101.tsp']
May 18 2014 16:33:24Procedimento Finalizado com sucesso 

May 18 2014 16:34:54: Instacias Resgistradas
['eil101.tsp']
May 18 2014 16:34:54Procedimento Finalizado com sucesso 

May 18 2014 16:35:27: Instacias Resgistradas
['eil101.tsp']
May 18 2014 16:35:27Procedimento Finalizado com sucesso 

May 18 2014 16:39:20: Instacias Resgistradas
['eil101.tsp']
May 18 2014 16:39:20Procedimento Finalizado com sucesso 

May 18 2014 16:40:51: Instacias Resgistradas
['eil101.tsp']
May 18 2014 16:40:51Procedimento Finalizado com sucesso 

May 18 2014 16:42:03: Instacias Resgistradas
['eil101.tsp']
May 18 2014 16:42:03Procedimento Finalizado com sucesso 

May 18 2014 16:43:20: Instacias Resgistradas
['eil101.tsp']
May 18 2014 16:43:20Procedimento Finalizado com sucesso 

May 18 2014 16:43:31: Instacias Resgistradas
['eil101.tsp']
May 18 2014 16:43:31Procedimento Finalizado com sucesso 

May 18 2014 16:44:06: Instacias Resgistradas
['eil101.tsp']
May 18 2014 16:44:06Procedimento Finalizado com sucesso 

May 18 2014 16:44:13: Instacias Resgistradas
['eil101.tsp']
May 18 2014 16:44:13Procedimento Finalizado com sucesso 

May 18 2014 16:44:21: Instacias Resgistradas
['eil101.tsp']
May 18 2014 16:44:21Procedimento Finalizado com sucesso 

May 18 2014 16:44:31: Instacias Resgistradas
['eil101.tsp']
May 18 2014 16:44:31Procedimento Finalizado com sucesso 

May 18 2014 16:45:06: Instacias Resgistradas
['eil101.tsp']
May 18 2014 16:45:06Procedimento Finalizado com sucesso 

May 18 2014 16:45:29: Instacias Resgistradas
['eil101.tsp']
May 18 2014 16:45:29Procedimento Finalizado com sucesso 

May 18 2014 16:48:50: Instacias Resgistradas
['eil101.tsp']
May 18 2014 16:48:50Procedimento Finalizado com sucesso 

May 18 2014 19:06:33: Instacias Resgistradas
['eil101.tsp']
May 18 2014 19:06:33Procedimento Finalizado com sucesso 

May 18 2014 19:24:52: Instacias Resgistradas
['eil101.tsp']
May 18 2014 19:24:52Procedimento Finalizado com sucesso 

May 18 2014 19:25:36: Instacias Resgistradas
['eil101.tsp']
May 18 2014 19:25:36Procedimento Finalizado com sucesso 

May 18 2014 19:33:34: Instacias Resgistradas
['eil101.tsp']
May 18 2014 19:33:34Procedimento Finalizado com sucesso 

May 18 2014 19:34:23: Instacias Resgistradas
['eil101.tsp']
May 18 2014 19:34:23Procedimento Finalizado com sucesso 

May 18 2014 19:36:32: Instacias Resgistradas
['eil101.tsp']
May 18 2014 19:36:32Procedimento Finalizado com sucesso 

May 18 2014 19:36:54: Instacias Resgistradas
['eil101.tsp']
May 18 2014 19:36:54Procedimento Finalizado com sucesso 

May 18 2014 19:38:11: Instacias Resgistradas
['eil101.tsp']
May 18 2014 19:38:11Procedimento Finalizado com sucesso 

May 18 2014 19:39:42: Instacias Resgistradas
['eil101.tsp']
May 18 2014 19:39:42Procedimento Finalizado com sucesso 

May 18 2014 19:40:35: Instacias Resgistradas
['eil101.tsp']
May 18 2014 19:40:35Procedimento Finalizado com sucesso 

May 18 2014 19:40:45: Instacias Resgistradas
['eil101.tsp']
May 18 2014 19:40:45Procedimento Finalizado com sucesso 

May 18 2014 19:40:58: Instacias Resgistradas
['eil101.tsp']
May 18 2014 19:40:58Procedimento Finalizado com sucesso 

May 18 2014 20:10:06: Instacias Resgistradas
['eil101.tsp']
May 18 2014 20:10:06Procedimento Finalizado com sucesso 

May 18 2014 20:14:07: Instacias Resgistradas
['eil101.tsp']
May 18 2014 20:14:07Procedimento Finalizado com sucesso 

May 18 2014 20:16:15: Instacias Resgistradas
['eil101.tsp']
May 18 2014 20:16:15Procedimento Finalizado com sucesso 

May 18 2014 20:18:28: Instacias Resgistradas
['eil101.tsp']
May 18 2014 20:18:28Procedimento Finalizado com sucesso 

May 18 2014 20:21:51: Instacias Resgistradas
['eil101.tsp']
May 18 2014 20:21:51Procedimento Finalizado com sucesso 

May 18 2014 20:22:41: Instacias Resgistradas
['eil101.tsp']
May 18 2014 20:22:41Procedimento Finalizado com sucesso 

May 18 2014 22:17:24: Instacias Resgistradas
['eil101.tsp']
May 18 2014 22:17:24Procedimento Finalizado com sucesso 

May 18 2014 22:30:48: Instacias Resgistradas
['eil101.tsp']
May 18 2014 22:30:48Procedimento Finalizado com sucesso 

May 18 2014 22:32:12: Instacias Resgistradas
['eil101.tsp']
May 18 2014 22:32:12Procedimento Finalizado com sucesso 

May 18 2014 23:41:26: Instacias Resgistradas
['eil101.tsp']
May 18 2014 23:41:26Procedimento Finalizado com sucesso 

May 18 2014 23:41:36: Instacias Resgistradas
['eil101.tsp']
May 18 2014 23:41:36Procedimento Finalizado com sucesso 

May 18 2014 23:42:00: Instacias Resgistradas
['eil101.tsp']
May 18 2014 23:42:00Procedimento Finalizado com sucesso 

May 19 2014 00:10:34: Instacias Resgistradas
['eil101.tsp']
May 19 2014 00:10:34Procedimento Finalizado com sucesso 

May 19 2014 00:11:27: Instacias Resgistradas
['eil101.tsp']
May 19 2014 00:11:27Procedimento Finalizado com sucesso 

May 19 2014 00:12:18: Instacias Resgistradas
['eil101.tsp']
May 19 2014 00:12:18Procedimento Finalizado com sucesso 

May 19 2014 00:25:46: Instacias Resgistradas
['eil101.tsp']
May 19 2014 00:25:46Procedimento Finalizado com sucesso 

May 19 2014 00:26:39: Instacias Resgistradas
['eil101.tsp']
May 19 2014 00:26:39Procedimento Finalizado com sucesso 

May 19 2014 00:26:59: Instacias Resgistradas
['eil101.tsp']
May 19 2014 00:26:59Procedimento Finalizado com sucesso 

May 19 2014 00:27:01: Instacias Resgistradas
['eil101.tsp']
May 19 2014 00:27:01Procedimento Finalizado com sucesso 

May 19 2014 00:27:23: Instacias Resgistradas
['eil101.tsp']
May 19 2014 00:27:23Procedimento Finalizado com sucesso 

May 19 2014 00:27:57: Instacias Resgistradas
['eil101.tsp']
May 19 2014 00:27:57Procedimento Finalizado com sucesso 

May 19 2014 00:30:09: Instacias Resgistradas
['eil101.tsp']
May 19 2014 00:30:09Procedimento Finalizado com sucesso 

May 19 2014 00:32:07: Instacias Resgistradas
['eil101.tsp']
May 19 2014 00:32:07Procedimento Finalizado com sucesso 

May 19 2014 00:32:38: Instacias Resgistradas
['eil101.tsp']
May 19 2014 00:32:38Procedimento Finalizado com sucesso 

May 19 2014 00:33:12: Instacias Resgistradas
['eil101.tsp']
May 19 2014 00:33:12Procedimento Finalizado com sucesso 

May 19 2014 00:34:28: Instacias Resgistradas
['eil101.tsp']
May 19 2014 00:34:28Procedimento Finalizado com sucesso 

May 19 2014 00:35:42: Instacias Resgistradas
['eil101.tsp']
May 19 2014 00:35:42Procedimento Finalizado com sucesso 

May 19 2014 00:36:16: Instacias Resgistradas
['eil101.tsp']
May 19 2014 00:36:16Procedimento Finalizado com sucesso 

May 19 2014 00:37:19: Instacias Resgistradas
['eil101.tsp']
May 19 2014 00:37:19Procedimento Finalizado com sucesso 

May 19 2014 03:06:46: Instacias Resgistradas
['eil101.tsp']
May 19 2014 03:06:46Procedimento Finalizado com sucesso 

May 19 2014 03:24:27: Instacias Resgistradas
['eil101.tsp']
May 19 2014 03:24:27Procedimento Finalizado com sucesso 

May 19 2014 03:27:45: Instacias Resgistradas
['eil1012.tsp', 'eil101.tsp']
May 19 2014 03:27:45Procedimento Finalizado com sucesso 

May 19 2014 15:08:13: Instacias Resgistradas
['eil1012.tsp', 'eil101.tsp']
May 19 2014 15:08:13Procedimento Finalizado com sucesso 

May 19 2014 16:11:46: Instacias Resgistradas
['eil1012.tsp', 'eil101.tsp']
May 19 2014 16:11:46Procedimento Finalizado com sucesso 

May 19 2014 17:31:48: Instacias Resgistradas
['eil1012.tsp', 'eil101.tsp']
May 19 2014 17:31:48Procedimento Finalizado com sucesso 

May 19 2014 17:50:35: Instacias Resgistradas
['eil1012.tsp', 'eil101.tsp']
May 19 2014 17:50:35Procedimento Finalizado com sucesso 

May 19 2014 19:28:03: Instacias Resgistradas
['eil1012.tsp', 'eil101.tsp']
May 19 2014 19:28:03Procedimento Finalizado com sucesso 

May 19 2014 19:28:20: Instacias Resgistradas
['eil1012.tsp', 'eil101.tsp']
May 19 2014 19:28:20Procedimento Finalizado com sucesso 

May 19 2014 19:29:49: Instacias Resgistradas
['eil1012.tsp', 'eil101.tsp']
May 19 2014 19:29:49Procedimento Finalizado com sucesso 

May 19 2014 20:56:24: Instacias Resgistradas
['eil1012.tsp', 'eil101.tsp']
May 19 2014 20:56:24Procedimento Finalizado com sucesso 

May 19 2014 20:56:49: Instacias Resgistradas
['eil1012.tsp', 'eil101.tsp']
May 19 2014 20:56:49Procedimento Finalizado com sucesso 

May 19 2014 20:58:14: Instacias Resgistradas
['eil1012.tsp', 'eil101.tsp']
May 19 2014 20:58:14Procedimento Finalizado com sucesso 

May 19 2014 20:59:32: Instacias Resgistradas
['eil1012.tsp', 'eil101.tsp']
May 19 2014 20:59:32Procedimento Finalizado com sucesso 

May 19 2014 21:00:37: Instacias Resgistradas
['eil1012.tsp', 'eil101.tsp']
May 19 2014 21:00:37Procedimento Finalizado com sucesso 

May 19 2014 21:01:43: Instacias Resgistradas
['eil1012.tsp', 'eil101.tsp']
May 19 2014 21:01:43Procedimento Finalizado com sucesso 

May 19 2014 21:03:12: Instacias Resgistradas
['eil1012.tsp', 'eil101.tsp']
May 19 2014 21:03:13Procedimento Finalizado com sucesso 

May 19 2014 21:04:43: Instacias Resgistradas
['eil1012.tsp', 'eil101.tsp']
May 19 2014 21:04:43Procedimento Finalizado com sucesso 

May 19 2014 21:18:02: Instacias Resgistradas
['eil1012.tsp', 'eil101.tsp']
May 19 2014 21:18:02Procedimento Finalizado com sucesso 

May 19 2014 21:18:52: Instacias Resgistradas
['eil1012.tsp', 'eil101.tsp']
May 19 2014 21:18:53Procedimento Finalizado com sucesso 

May 19 2014 21:25:42: Instacias Resgistradas
['eil1012.tsp', 'eil101.tsp']
May 19 2014 21:25:42Procedimento Finalizado com sucesso 

May 19 2014 21:27:41: Instacias Resgistradas
['eil1012.tsp', 'eil101.tsp']
May 19 2014 21:27:41Procedimento Finalizado com sucesso 

May 19 2014 22:00:24: Instacias Resgistradas
['eil1012.tsp', 'eil101.tsp']
May 19 2014 22:00:24Procedimento Finalizado com sucesso 

May 19 2014 22:01:11: Instacias Resgistradas
['eil1012.tsp', 'eil101.tsp']
May 19 2014 22:01:11Procedimento Finalizado com sucesso 

May 19 2014 22:02:22: Instacias Resgistradas
['eil1012.tsp', 'eil101.tsp']
May 19 2014 22:02:22Procedimento Finalizado com sucesso 

May 19 2014 22:05:18: Instacias Resgistradas
['eil1012.tsp', 'eil101.tsp']
May 19 2014 22:05:18Procedimento Finalizado com sucesso 

May 20 2014 04:07:48: Instacias Resgistradas
['eil1012.tsp', 'eil101.tsp']
May 20 2014 04:07:48Procedimento Finalizado com sucesso 

May 20 2014 04:08:35: Instacias Resgistradas
['eil1012.tsp', 'eil101.tsp']
May 20 2014 04:08:35Procedimento Finalizado com sucesso 

May 20 2014 04:09:07: Instacias Resgistradas
['eil1012.tsp', 'eil101.tsp']
May 20 2014 04:09:07Procedimento Finalizado com sucesso 

May 20 2014 05:21:16: Instacias Resgistradas
['eil1012.tsp', 'eil101.tsp']
May 20 2014 05:21:16Procedimento Finalizado com sucesso 

May 20 2014 05:24:07: Instacias Resgistradas
['eil1012.tsp', 'eil101.tsp']
May 20 2014 05:24:07Procedimento Finalizado com sucesso 

May 20 2014 05:24:54: Instacias Resgistradas
['eil1012.tsp', 'eil101.tsp']
May 20 2014 05:24:54Procedimento Finalizado com sucesso 

May 20 2014 05:25:34: Instacias Resgistradas
['eil1012.tsp', 'eil101.tsp']
May 20 2014 05:25:34Procedimento Finalizado com sucesso 

May 20 2014 05:28:20: Instacias Resgistradas
['rat575.tsp', 'eil1012.tsp', 'eil101.tsp']
May 20 2014 05:28:21Procedimento Finalizado com sucesso 

May 20 2014 05:32:11: Instacias Resgistradas
['rat575.tsp', 'eil1012.tsp', 'eil101.tsp']
May 20 2014 05:32:12Procedimento Finalizado com sucesso 

May 20 2014 05:32:46: Instacias Resgistradas
['rat575.tsp', 'eil1012.tsp', 'eil101.tsp']
May 20 2014 05:32:46Procedimento Finalizado com sucesso 

May 20 2014 05:42:26: Instacias Resgistradas
['rat575.tsp', 'eil1012.tsp', 'eil101.tsp']
May 20 2014 05:42:27Procedimento Finalizado com sucesso 

May 20 2014 18:20:48: Instacias Resgistradas
['rat575.tsp', 'eil1012.tsp', 'eil101.tsp']
May 20 2014 18:20:49Procedimento Finalizado com sucesso 

May 20 2014 18:22:14: Instacias Resgistradas
['rat575.tsp', 'eil1012.tsp', 'eil101.tsp']
May 20 2014 18:22:15Procedimento Finalizado com sucesso 

May 20 2014 18:22:56: Instacias Resgistradas
['rat575.tsp', 'eil1012.tsp', 'eil101.tsp']
May 20 2014 18:22:56Procedimento Finalizado com sucesso 

May 20 2014 19:04:48: Instacias Resgistradas
['rat575.tsp', 'eil1012.tsp', 'eil101.tsp']
May 20 2014 19:04:48Procedimento Finalizado com sucesso 

May 20 2014 19:05:22: Instacias Resgistradas
['rat575.tsp', 'eil1012.tsp', 'eil101.tsp']
May 20 2014 19:05:23Procedimento Finalizado com sucesso 

May 20 2014 19:06:10: Instacias Resgistradas
['rat575.tsp', 'eil1012.tsp', 'eil101.tsp']
May 20 2014 19:06:10Procedimento Finalizado com sucesso 

May 20 2014 19:06:33: Instacias Resgistradas
['rat575.tsp', 'eil1012.tsp', 'eil101.tsp']
May 20 2014 19:06:33Procedimento Finalizado com sucesso 

May 20 2014 19:12:53: Instacias Resgistradas
['rat575.tsp', 'eil1012.tsp', 'eil101.tsp']
May 20 2014 19:12:54Procedimento Finalizado com sucesso 

May 20 2014 20:32:01: Instacias Resgistradas
['rat575.tsp', 'eil1012.tsp', 'eil101.tsp']
May 20 2014 20:32:02Procedimento Finalizado com sucesso 

May 20 2014 23:15:44: Instacias Resgistradas
['rat575.tsp', 'eil1012.tsp', 'eil101.tsp']
May 20 2014 23:15:45Procedimento Finalizado com sucesso 

May 20 2014 23:20:37: Instacias Resgistradas
['rat575.tsp', 'eil1012.tsp', 'eil101.tsp']
May 20 2014 23:20:37Procedimento Finalizado com sucesso 

May 20 2014 23:24:44: Instacias Resgistradas
['rat575.tsp', 'eil1012.tsp', 'eil101.tsp']
May 20 2014 23:24:44Procedimento Finalizado com sucesso 

May 21 2014 00:27:30: Instacias Resgistradas
['rat575.tsp', 'eil1012.tsp', 'eil101.tsp']
May 21 2014 00:27:30Procedimento Finalizado com sucesso 

May 21 2014 00:28:00: Instacias Resgistradas
['rat575.tsp', 'eil1012.tsp', 'eil101.tsp']
May 21 2014 00:28:00Procedimento Finalizado com sucesso 

May 21 2014 01:28:41: Instacias Resgistradas
[]
May 21 2014 01:28:41Procedimento Falho a executar operacao : Sem instacionas no diretorio file

May 21 2014 01:28:58: Instacias Resgistradas
[]
May 21 2014 01:28:58Procedimento Falho a executar operacao : Sem instacionas no diretorio file

May 21 2014 01:34:07: Instacias Resgistradas
[]
May 21 2014 01:34:07Procedimento Falho a executar operacao : Sem instacionas no diretorio file

May 21 2014 01:35:27: Instacias Resgistradas
[]
May 21 2014 01:35:27Procedimento Falho a executar operacao : Sem instacionas no diretorio file

May 21 2014 01:36:17: Instacias Resgistradas
[]
May 21 2014 01:36:17Procedimento Falho a executar operacao : Sem instacionas no diretorio file

May 21 2014 01:36:38: Instacias Resgistradas
[]
May 21 2014 01:36:38Procedimento Falho a executar operacao : Sem instacionas no diretorio file

May 21 2014 01:39:07: Instacias Resgistradas
['monalisa.tsp']
May 22 2014 02:14:24: Instacias Resgistradas
['eil1012.tsp', 'eil101.tsp']
May 22 2014 02:14:24Procedimento Finalizado com sucesso 

May 22 2014 02:14:35: Instacias Resgistradas
['eil1012.tsp', 'eil101.tsp']
May 22 2014 02:14:35Procedimento Finalizado com sucesso 

May 23 2014 03:17:05: Instacias Resgistradas
['rat575.tsp', 'eil1012.tsp', 'eil101.tsp']
May 23 2014 03:17:05Procedimento Finalizado com sucesso 

May 23 2014 03:17:52: Instacias Resgistradas
['rat575.tsp', 'eil1012.tsp', 'eil101.tsp']
May 23 2014 03:17:52Procedimento Finalizado com sucesso 

May 23 2014 03:50:58: Instacias Resgistradas
['rat575.tsp', 'eil1012.tsp', 'eil101.tsp']
May 23 2014 03:50:58Procedimento Finalizado com sucesso 

May 23 2014 18:37:35: Instacias Resgistradas
['rat575.tsp', 'eil1012.tsp', 'eil101.tsp']
May 23 2014 18:37:35Procedimento Finalizado com sucesso 

May 26 2014 04:24:25: Instacias Resgistradas
['rat575.tsp', 'eil1012.tsp', 'eil101.tsp']
May 26 2014 04:24:25Procedimento Finalizado com sucesso 

May 26 2014 04:58:21: Instacias Resgistradas
['rat575.tsp', 'eil1012.tsp', 'eil101.tsp']
May 26 2014 04:58:22Procedimento Finalizado com sucesso 

May 26 2014 05:14:46: Instacias Resgistradas
['rat575.tsp', 'eil1012.tsp', 'eil101.tsp']
May 26 2014 05:14:46Procedimento Finalizado com sucesso 

May 26 2014 05:45:11: Instacias Resgistradas
['rat575.tsp', 'eil1012.tsp', 'eil101.tsp']
May 26 2014 05:45:11Procedimento Finalizado com sucesso 

May 26 2014 05:54:52: Instacias Resgistradas
['rat575.tsp', 'eil1012.tsp', 'eil101.tsp']
May 26 2014 05:54:52Procedimento Finalizado com sucesso 

May 26 2014 06:52:17: Instacias Resgistradas
['rat575.tsp', 'eil1012.tsp', 'eil101.tsp']
May 26 2014 06:52:17Procedimento Finalizado com sucesso 

May 26 2014 06:52:33: Instacias Resgistradas
['rat575.tsp', 'eil1012.tsp', 'eil101.tsp']
May 26 2014 06:52:33Procedimento Finalizado com sucesso 

May 26 2014 06:52:44: Instacias Resgistradas
['rat575.tsp', 'eil1012.tsp', 'eil101.tsp']
May 26 2014 06:52:44Procedimento Finalizado com sucesso 

May 26 2014 06:55:49: Instacias Resgistradas
['rat575.tsp', 'eil1012.tsp', 'eil101.tsp']
May 26 2014 06:55:49Procedimento Finalizado com sucesso 

May 27 2014 18:57:21: Instacias Resgistradas
['rat575.tsp', 'eil1012.tsp', 'eil101.tsp']
May 27 2014 18:57:21Procedimento Finalizado com sucesso 

May 27 2014 19:27:18: Instacias Resgistradas
['rat575.tsp', 'eil1012.tsp', 'eil101.tsp']
May 27 2014 19:27:18Procedimento Finalizado com sucesso 

May 27 2014 19:27:31: Instacias Resgistradas
['rat575.tsp', 'eil1012.tsp', 'eil101.tsp']
May 27 2014 19:27:32Procedimento Finalizado com sucesso 

May 27 2014 19:27:57: Instacias Resgistradas
['rat575.tsp', 'eil1012.tsp', 'eil101.tsp']
May 27 2014 19:27:57Procedimento Finalizado com sucesso 

May 27 2014 22:28:34: Instacias Resgistradas
['rat575.tsp', 'eil1012.tsp', 'eil101.tsp']
May 27 2014 22:28:34Procedimento Finalizado com sucesso 

May 28 2014 00:02:34: Instacias Resgistradas
['rat575.tsp', 'eil1012.tsp', 'eil101.tsp']
May 28 2014 00:02:35Procedimento Finalizado com sucesso 

May 28 2014 00:03:20: Instacias Resgistradas
['rat575.tsp', 'eil1012.tsp', 'eil101.tsp']
May 28 2014 00:03:20Procedimento Finalizado com sucesso 

May 28 2014 00:08:05: Instacias Resgistradas
['rat575.tsp', 'eil1012.tsp', 'eil101.tsp']
May 28 2014 00:08:05Procedimento Finalizado com sucesso 

May 28 2014 00:12:16: Instacias Resgistradas
['rat575.tsp', 'eil1012.tsp', 'eil101.tsp']
May 28 2014 00:12:16Procedimento Finalizado com sucesso 

May 28 2014 00:12:40: Instacias Resgistradas
['rat575.tsp', 'eil1012.tsp', 'eil101.tsp']
May 28 2014 00:12:40Procedimento Finalizado com sucesso 

May 28 2014 00:14:09: Instacias Resgistradas
['rat575.tsp', 'eil1012.tsp', 'eil101.tsp']
May 28 2014 00:14:10Procedimento Finalizado com sucesso 

May 28 2014 00:37:20: Instacias Resgistradas
['rat575.tsp', 'eil1012.tsp', 'eil101.tsp']
May 28 2014 00:37:20Procedimento Finalizado com sucesso 

May 28 2014 00:37:29: Instacias Resgistradas
['rat575.tsp', 'eil1012.tsp', 'eil101.tsp']
May 28 2014 00:37:29Procedimento Finalizado com sucesso 

May 28 2014 00:37:42: Instacias Resgistradas
['rat575.tsp', 'eil1012.tsp', 'eil101.tsp']
May 28 2014 00:37:43Procedimento Finalizado com sucesso 

May 28 2014 16:39:18: Instacias Resgistradas
['rat575.tsp', 'eil1012.tsp', 'eil101.tsp']
May 28 2014 16:39:18Procedimento Finalizado com sucesso 

Jun 01 2014 04:24:45: Instacias Resgistradas
['rat575.tsp', 'eil1012.tsp', 'eil101.tsp']
Jun 01 2014 04:24:45Procedimento Finalizado com sucesso 

Jun 01 2014 04:24:57: Instacias Resgistradas
['rat575.tsp', 'eil1012.tsp', 'eil101.tsp']
Jun 01 2014 04:24:58Procedimento Finalizado com sucesso 

Jun 01 2014 04:27:53: Instacias Resgistradas
['rat575.tsp', 'eil1012.tsp', 'eil101.tsp']
Jun 01 2014 04:27:53Procedimento Finalizado com sucesso 

Jun 01 2014 04:29:04: Instacias Resgistradas
['rat575.tsp', 'eil1012.tsp', 'eil101.tsp']
Jun 01 2014 04:29:04Procedimento Finalizado com sucesso 

Jun 01 2014 04:29:42: Instacias Resgistradas
['rat575.tsp', 'eil1012.tsp', 'eil101.tsp']
Jun 01 2014 04:29:42Procedimento Finalizado com sucesso 

Jun 02 2014 23:08:32: Instacias Resgistradas
['rat575.tsp', 'eil101.tsp']
Jun 02 2014 23:10:27: Instacias Resgistradas
['rat575.tsp']
Jun 02 2014 23:10:28: Instacias Resgistradas
['rat575.tsp']
Jun 02 2014 23:10:29: Instacias Resgistradas
['rat575.tsp']
Jun 02 2014 23:11:32: Instacias Resgistradas
['rat575.tsp']
Jun 02 2014 23:18:39: Instacias Resgistradas
['rat575.tsp']
Jun 02 2014 23:18:39Procedimento Finalizado com sucesso 

Jun 02 2014 23:21:48: Instacias Resgistradas
['rat575.tsp']
Jun 02 2014 23:21:48Procedimento Finalizado com sucesso 

Jun 02 2014 23:23:18: Instacias Resgistradas
['rat575.tsp']
Jun 02 2014 23:23:19Procedimento Finalizado com sucesso 

Jun 02 2014 23:24:04: Instacias Resgistradas
['rat575.tsp']
Jun 02 2014 23:24:04Procedimento Finalizado com sucesso 

Jun 02 2014 23:24:28: Instacias Resgistradas
['rat575.tsp']
Jun 02 2014 23:24:28Procedimento Finalizado com sucesso 

Jun 02 2014 23:25:13: Instacias Resgistradas
['rat575.tsp']
Jun 02 2014 23:25:13Procedimento Finalizado com sucesso 

Jun 02 2014 23:50:21: Instacias Resgistradas
['rat575.tsp']
Jun 02 2014 23:50:21Procedimento Finalizado com sucesso 

Jun 02 2014 23:53:00: Instacias Resgistradas
['rat575.tsp']
Jun 02 2014 23:53:00Procedimento Finalizado com sucesso 

Jun 03 2014 00:52:46: Instacias Resgistradas
['rat575.tsp']
Jun 03 2014 00:52:46Procedimento Finalizado com sucesso 

Jun 03 2014 00:53:22: Instacias Resgistradas
['rat575.tsp']
Jun 03 2014 00:53:22Procedimento Finalizado com sucesso 

Jun 03 2014 01:23:23: Instacias Resgistradas
['rat575.tsp']
Jun 03 2014 01:23:23Procedimento Finalizado com sucesso 

Jun 03 2014 01:25:02: Instacias Resgistradas
['rat575.tsp', 'eil101.tsp']
Jun 03 2014 01:25:40: Instacias Resgistradas
['fi10639.tsp', 'rat575.tsp']
Jun 03 2014 01:27:05: Instacias Resgistradas
['rat575.tsp', 'brazil58.tsp']
Jun 03 2014 01:29:26: Instacias Resgistradas
['rat575.tsp', 'bier127.tsp']
Jun 03 2014 01:29:26Procedimento Finalizado com sucesso 

Jun 03 2014 01:29:49: Instacias Resgistradas
['rat575.tsp', 'bier127.tsp']
Jun 03 2014 01:29:49Procedimento Finalizado com sucesso 

Jun 03 2014 01:31:59: Instacias Resgistradas
['rat575.tsp', 'bier127.tsp']
Jun 03 2014 01:31:59Procedimento Finalizado com sucesso 

Jun 03 2014 01:34:00: Instacias Resgistradas
['rat575.tsp', 'bier127.tsp']
Jun 03 2014 01:34:00Procedimento Finalizado com sucesso 

Jun 03 2014 01:38:37: Instacias Resgistradas
['rat575.tsp', 'bier127.tsp']
Jun 03 2014 01:38:37Procedimento Finalizado com sucesso 

Jun 03 2014 01:42:26: Instacias Resgistradas
['rat575.tsp', 'bier127.tsp']
Jun 03 2014 01:42:26Procedimento Finalizado com sucesso 

Jun 03 2014 01:43:19: Instacias Resgistradas
['rat575.tsp', 'bier127.tsp']
Jun 03 2014 01:43:20Procedimento Finalizado com sucesso 

Jun 03 2014 01:45:45: Instacias Resgistradas
['rat575.tsp', 'bier127.tsp']
Jun 03 2014 01:45:45Procedimento Finalizado com sucesso 

Jun 03 2014 02:06:33: Instacias Resgistradas
['rat575.tsp', 'bier127.tsp']
Jun 03 2014 02:06:33Procedimento Finalizado com sucesso 

Jun 03 2014 11:08:18: Instacias Resgistradas
['berlin52.tsp', 'rat575.tsp', 'rl11849.tsp', 'bier127.tsp', 'pr1002.tsp']
Jun 03 2014 11:08:38: Instacias Resgistradas
['berlin52.tsp', 'rat575.tsp', 'rl11849.tsp', 'bier127.tsp', 'pr1002.tsp']
Jun 03 2014 11:09:26: Instacias Resgistradas
['berlin52.tsp', 'rat575.tsp', 'bier127.tsp', 'pr1002.tsp']
Jun 03 2014 11:09:55: Instacias Resgistradas
['berlin52.tsp', 'rat575.tsp', 'bier127.tsp', 'pr1002.tsp']
Jun 03 2014 11:10:54: Instacias Resgistradas
['berlin52.tsp', 'rat575.tsp', 'bier127.tsp']
Jun 03 2014 11:11:30: Instacias Resgistradas
['rat575.tsp', 'bier127.tsp']
Jun 03 2014 11:11:30Procedimento Finalizado com sucesso 

Jun 03 2014 12:14:28: Instacias Resgistradas
['rat575.tsp', 'bier127.tsp']
Jun 03 2014 12:14:28Procedimento Finalizado com sucesso 

Jun 03 2014 12:14:57: Instacias Resgistradas
['berlin52.tsp', 'rat575.tsp', 'bier127.tsp']
Jun 03 2014 12:15:31: Instacias Resgistradas
['berlin52.tsp', 'rat575.tsp', 'bier127.tsp']
Jun 03 2014 12:16:08: Instacias Resgistradas
['berlin52.tsp', 'rat575.tsp', 'bier127.tsp']
Jun 03 2014 12:16:41: Instacias Resgistradas
['berlin52.tsp', 'rat575.tsp', 'bier127.tsp']
Jun 03 2014 12:16:58: Instacias Resgistradas
['berlin52.tsp', 'rat575.tsp', 'bier127.tsp']
Jun 03 2014 12:17:00: Instacias Resgistradas
['berlin52.tsp', 'rat575.tsp', 'bier127.tsp']
Jun 03 2014 12:17:05: Instacias Resgistradas
['berlin52.tsp', 'rat575.tsp', 'bier127.tsp']
Jun 03 2014 12:17:19: Instacias Resgistradas
['berlin52.tsp', 'rat575.tsp', 'bier127.tsp']
Jun 03 2014 12:18:25: Instacias Resgistradas
['berlin52.tsp', 'rat575.tsp', 'bier127.tsp']
Jun 03 2014 13:02:38: Instacias Resgistradas
['berlin52.tsp', 'rat575.tsp', 'bier127.tsp']
Jun 03 2014 13:02:42: Instacias Resgistradas
['berlin52.tsp', 'rat575.tsp', 'bier127.tsp']
Jun 03 2014 15:02:44: Instacias Resgistradas
['berlin52.tsp', 'rat575.tsp', 'bier127.tsp']
Jun 03 2014 15:06:40: Instacias Resgistradas
['berlin52.tsp', 'rat575.tsp', 'bier127.tsp']
Jun 03 2014 15:06:59: Instacias Resgistradas
['rat575.tsp', 'bier127.tsp']
Jun 03 2014 15:07:30: Instacias Resgistradas
['rat575.tsp', 'bier127.tsp']
Jun 03 2014 15:13:40: Instacias Resgistradas
['rat575.tsp', 'bier127.tsp']
Jun 03 2014 15:21:57: Instacias Resgistradas
['rat575.tsp', 'bier127.tsp']
Jun 03 2014 15:23:27: Instacias Resgistradas
['rat575.tsp', 'bier127.tsp']
Jun 03 2014 16:25:44: Instacias Resgistradas
['rat575.tsp', 'bier127.tsp']
Jun 03 2014 16:31:29: Instacias Resgistradas
['rat575.tsp', 'bier127.tsp']
Jun 04 2014 19:07:22: Instacias Resgistradas
['rat575.tsp', 'bier127.tsp']
Jun 04 2014 19:14:17: Instacias Resgistradas
['rat575.tsp', 'bier127.tsp']
Jun 04 2014 19:14:17Procedimento Finalizado com sucesso 

Jun 04 2014 19:17:40: Instacias Resgistradas
['rat575.tsp', 'bier127.tsp']
Jun 04 2014 19:17:40Procedimento Finalizado com sucesso 

Jun 04 2014 19:19:08: Instacias Resgistradas
['rat575.tsp', 'bier127.tsp']
Jun 04 2014 19:19:08Procedimento Finalizado com sucesso 

Jun 04 2014 19:25:11: Instacias Resgistradas
['rat575.tsp', 'bier127.tsp']
Jun 04 2014 19:25:12Procedimento Finalizado com sucesso 

Jun 04 2014 20:41:21: Instacias Resgistradas
['rat575.tsp', 'bier127.tsp']
Jun 04 2014 20:41:22Procedimento Finalizado com sucesso 

Jun 04 2014 20:41:56: Instacias Resgistradas
['rat575.tsp', 'bier127.tsp']
Jun 04 2014 20:41:56Procedimento Finalizado com sucesso 

Jun 04 2014 20:45:14: Instacias Resgistradas
['rat575.tsp', 'bier127.tsp']
Jun 04 2014 20:45:22Procedimento Finalizado com sucesso 

Jun 04 2014 20:52:28: Instacias Resgistradas
['rat575.tsp', 'bier127.tsp']
Jun 04 2014 20:52:29Procedimento Finalizado com sucesso 

Jun 04 2014 22:51:37: Instacias Resgistradas
['rat575.tsp', 'bier127.tsp']
Jun 04 2014 22:51:39Procedimento Finalizado com sucesso 

Jun 04 2014 22:53:52: Instacias Resgistradas
['rat575.tsp', 'bier127.tsp']
Jun 04 2014 22:53:52Procedimento Finalizado com sucesso 

Jun 05 2014 00:23:04: Instacias Resgistradas
['rat575.tsp', 'bier127.tsp']
Jun 05 2014 00:25:17: Instacias Resgistradas
['rat575.tsp', 'bier127.tsp']
Jun 05 2014 00:25:18Procedimento Finalizado com sucesso 

Jun 05 2014 00:25:48: Instacias Resgistradas
['rat575.tsp', 'bier127.tsp']
Jun 05 2014 00:26:46: Instacias Resgistradas
['rat575.tsp', 'bier127.tsp']
Jun 05 2014 00:26:47Procedimento Finalizado com sucesso 

Jun 05 2014 01:46:31: Instacias Resgistradas
['rat575.tsp', 'bier127.tsp']
Jun 05 2014 01:46:32Procedimento Finalizado com sucesso 

Jun 05 2014 01:51:44: Instacias Resgistradas
['rat575.tsp', 'bier127.tsp']
Jun 05 2014 01:51:45Procedimento Finalizado com sucesso 

Jun 05 2014 01:54:58: Instacias Resgistradas
['rat575.tsp', 'bier127.tsp']
Jun 05 2014 01:54:59Procedimento Finalizado com sucesso 

Jun 05 2014 02:31:31: Instacias Resgistradas
['rat575.tsp', 'bier127.tsp']
Jun 05 2014 02:33:38: Instacias Resgistradas
['rat575.tsp', 'bier127.tsp']
Jun 05 2014 02:33:38Procedimento Finalizado com sucesso 

Jun 05 2014 02:35:06: Instacias Resgistradas
['rat575.tsp', 'bier127.tsp', 'pr1002.tsp']
Jun 05 2014 02:35:06Procedimento Finalizado com sucesso 

Jun 05 2014 02:35:57: Instacias Resgistradas
['rat575.tsp', 'bier127.tsp', 'pr1002.tsp']
Jun 05 2014 02:35:58Procedimento Finalizado com sucesso 

Jun 05 2014 02:42:28: Instacias Resgistradas
['rat575.tsp', 'bier127.tsp', 'pr1002.tsp']
Jun 05 2014 02:42:28Procedimento Finalizado com sucesso 

Jun 05 2014 18:47:08: Instacias Resgistradas
['berlin52.tsp', 'rat575.tsp', 'rl11849.tsp', 'bier127.tsp', 'pr1002.tsp']
Jun 10 2014 16:14:28: Instacias Resgistradas
['berlin52.tsp', 'rat575.tsp', 'bier127.tsp']
Jun 10 2014 16:15:23: Instacias Resgistradas
['berlin52.tsp', 'rat575.tsp', 'bier127.tsp']
Jun 10 2014 16:15:24Procedimento Finalizado com sucesso 

Jun 10 2014 16:15:47: Instacias Resgistradas
['berlin52.tsp', 'rat575.tsp', 'bier127.tsp']
Jun 10 2014 16:15:47Procedimento Finalizado com sucesso 

Jun 10 2014 16:16:10: Instacias Resgistradas
['berlin52.tsp', 'rat575.tsp', 'bier127.tsp']
Jun 10 2014 16:16:10Procedimento Finalizado com sucesso 

Jun 10 2014 16:22:12: Instacias Resgistradas
['berlin52.tsp', 'rat575.tsp', 'bier127.tsp']
Jun 10 2014 16:22:12Procedimento Finalizado com sucesso 

Jun 10 2014 16:24:46: Instacias Resgistradas
['berlin52.tsp', 'rat575.tsp']
Jun 10 2014 16:24:46Procedimento Finalizado com sucesso 

Jun 10 2014 16:25:41: Instacias Resgistradas
['rat575.tsp']
Jun 10 2014 16:25:41Procedimento Finalizado com sucesso 

Jun 10 2014 16:28:52: Instacias Resgistradas
['rat575.tsp']
Jun 10 2014 16:28:52Procedimento Finalizado com sucesso 

Jun 10 2014 16:30:08: Instacias Resgistradas
['rat575.tsp']
Jun 10 2014 16:30:08Procedimento Finalizado com sucesso 

Jun 10 2014 16:31:57: Instacias Resgistradas
['rat575.tsp']
Jun 10 2014 16:31:57Procedimento Finalizado com sucesso 

Jun 10 2014 16:32:22: Instacias Resgistradas
['rat575.tsp']
Jun 10 2014 16:32:22Procedimento Finalizado com sucesso 

Jun 10 2014 18:14:21: Instacias Resgistradas
['rat575.tsp']
Jun 10 2014 18:14:21Procedimento Finalizado com sucesso 

Jun 10 2014 18:15:04: Instacias Resgistradas
['rat575.tsp']
Jun 10 2014 18:15:04Procedimento Finalizado com sucesso 

Jun 10 2014 18:15:20: Instacias Resgistradas
['rat575.tsp']
Jun 10 2014 18:15:20Procedimento Finalizado com sucesso 

Jun 10 2014 18:31:48: Instacias Resgistradas
['rat575.tsp']
Jun 10 2014 18:31:48Procedimento Finalizado com sucesso 

Jun 10 2014 18:32:30: Instacias Resgistradas
['rat575.tsp']
Jun 10 2014 18:32:30Procedimento Finalizado com sucesso 

Jun 10 2014 18:33:51: Instacias Resgistradas
['rat575.tsp']
Jun 10 2014 18:33:51Procedimento Finalizado com sucesso 

Jun 10 2014 18:40:24: Instacias Resgistradas
['rat575.tsp']
Jun 10 2014 18:40:24Procedimento Finalizado com sucesso 

Jun 10 2014 18:54:19: Instacias Resgistradas
['berlin52.tsp']
Jun 10 2014 18:54:19Procedimento Finalizado com sucesso 

Jun 10 2014 18:54:59: Instacias Resgistradas
['berlin52.tsp']
Jun 10 2014 18:54:59Procedimento Finalizado com sucesso 

Jun 10 2014 18:55:32: Instacias Resgistradas
['berlin52.tsp']
Jun 10 2014 18:55:32Procedimento Finalizado com sucesso 

Jun 10 2014 18:56:39: Instacias Resgistradas
['berlin52.tsp']
Jun 10 2014 18:56:39Procedimento Finalizado com sucesso 

Jun 10 2014 18:58:06: Instacias Resgistradas
['berlin52.tsp']
Jun 10 2014 18:58:06Procedimento Finalizado com sucesso 

Jun 10 2014 19:05:16: Instacias Resgistradas
['berlin52.tsp']
Jun 10 2014 19:05:16Procedimento Finalizado com sucesso 

Jun 10 2014 19:05:44: Instacias Resgistradas
['berlin52.tsp']
Jun 10 2014 19:05:44Procedimento Finalizado com sucesso 

Jun 13 2014 09:49:52: Instacias Resgistradas
['berlin52.tsp']
Jun 13 2014 09:49:52Procedimento Finalizado com sucesso 

Jun 13 2014 09:50:30: Instacias Resgistradas
['berlin52.tsp']
Jun 13 2014 09:50:30Procedimento Finalizado com sucesso 

Jun 13 2014 09:51:53: Instacias Resgistradas
['berlin52.tsp']
Jun 13 2014 09:51:53Procedimento Finalizado com sucesso 

Jun 13 2014 09:55:05: Instacias Resgistradas
['berlin52.tsp']
Jun 13 2014 09:55:05Procedimento Finalizado com sucesso 

Jun 13 2014 09:56:17: Instacias Resgistradas
['berlin52.tsp']
Jun 13 2014 09:56:17Procedimento Finalizado com sucesso 

Jun 13 2014 09:57:36: Instacias Resgistradas
['berlin52.tsp']
Jun 13 2014 09:57:36Procedimento Finalizado com sucesso 

Jun 13 2014 09:59:48: Instacias Resgistradas
['berlin52.tsp']
Jun 13 2014 09:59:48Procedimento Finalizado com sucesso 

Jun 13 2014 10:03:06: Instacias Resgistradas
['berlin52.tsp']
Jun 13 2014 10:03:06Procedimento Finalizado com sucesso 

Jun 13 2014 10:05:19: Instacias Resgistradas
['berlin52.tsp']
Jun 13 2014 10:05:19Procedimento Finalizado com sucesso 

Jun 13 2014 10:06:54: Instacias Resgistradas
['berlin52.tsp', 'rat575.tsp', 'bier127.tsp']
Jun 13 2014 10:06:54Procedimento Finalizado com sucesso 

Jun 13 2014 14:51:43: Instacias Resgistradas
['berlin52.tsp', 'rat575.tsp', 'bier127.tsp']
Jun 13 2014 14:51:43Procedimento Finalizado com sucesso 

Jun 13 2014 14:58:25: Instacias Resgistradas
['berlin52.tsp']
Jun 13 2014 14:58:25Procedimento Finalizado com sucesso 

Jun 13 2014 15:04:59: Instacias Resgistradas
['berlin52.tsp']
Jun 13 2014 15:04:59Procedimento Finalizado com sucesso 

